<?xml version="1.0" encoding="UTF-8"?>
<!-- Generated by org.testng.reporters.JUnitXMLReporter -->
<testsuite ignored="0" hostname="Infva2100" failures="0" tests="4" name="Default test" time="23.207" errors="0" timestamp="2020-12-28T00:32:42 IST">
  <testcase classname="testcases.Assignment_TC01toTC04" name="testCase1" time="1.944"/>
  <testcase classname="testcases.Assignment_TC01toTC04" name="testCase2" time="0.979"/>
  <testcase classname="testcases.Assignment_TC01toTC04" name="testCase3" time="0.652"/>
  <testcase classname="testcases.Assignment_TC01toTC04" name="testCase4" time="7.712"/>
</testsuite> <!-- Default test -->
