<?xml version="1.0" encoding="UTF-8"?>
<testng-results ignored="0" total="4" passed="4" failed="0" skipped="0">
  <reporter-output>
  </reporter-output>
  <suite started-at="2020-12-28T00:32:19 IST" name="Default suite" finished-at="2020-12-28T00:32:42 IST" duration-ms="23207">
    <groups>
    </groups>
    <test started-at="2020-12-28T00:32:19 IST" name="Default test" finished-at="2020-12-28T00:32:42 IST" duration-ms="23207">
      <class name="testcases.Assignment_TC01toTC04">
        <test-method is-config="true" signature="BeforeTest()[pri:0, instance:testcases.Assignment_TC01toTC04@5552768b]" started-at="2020-12-28T00:32:19 IST" name="BeforeTest" finished-at="2020-12-28T00:32:31 IST" duration-ms="11701" status="PASS">
          <reporter-output>
          </reporter-output>
        </test-method> <!-- BeforeTest -->
        <test-method signature="testCase1()[pri:0, instance:testcases.Assignment_TC01toTC04@5552768b]" started-at="2020-12-28T00:32:31 IST" name="testCase1" finished-at="2020-12-28T00:32:33 IST" duration-ms="1944" status="PASS">
          <reporter-output>
          </reporter-output>
        </test-method> <!-- testCase1 -->
        <test-method signature="testCase2()[pri:0, instance:testcases.Assignment_TC01toTC04@5552768b]" started-at="2020-12-28T00:32:33 IST" name="testCase2" finished-at="2020-12-28T00:32:34 IST" duration-ms="979" status="PASS">
          <reporter-output>
          </reporter-output>
        </test-method> <!-- testCase2 -->
        <test-method signature="testCase3()[pri:0, instance:testcases.Assignment_TC01toTC04@5552768b]" started-at="2020-12-28T00:32:34 IST" name="testCase3" finished-at="2020-12-28T00:32:35 IST" duration-ms="652" status="PASS">
          <reporter-output>
          </reporter-output>
        </test-method> <!-- testCase3 -->
        <test-method signature="testCase4()[pri:0, instance:testcases.Assignment_TC01toTC04@5552768b]" started-at="2020-12-28T00:32:35 IST" name="testCase4" finished-at="2020-12-28T00:32:42 IST" duration-ms="7712" status="PASS">
          <reporter-output>
          </reporter-output>
        </test-method> <!-- testCase4 -->
        <test-method is-config="true" signature="tearDown()[pri:0, instance:testcases.Assignment_TC01toTC04@5552768b]" started-at="2020-12-28T00:32:42 IST" name="tearDown" finished-at="2020-12-28T00:32:42 IST" duration-ms="155" status="PASS">
          <reporter-output>
          </reporter-output>
        </test-method> <!-- tearDown -->
      </class> <!-- testcases.Assignment_TC01toTC04 -->
    </test> <!-- Default test -->
  </suite> <!-- Default suite -->
</testng-results>
