<?xml version="1.0" encoding="UTF-8"?>
<!-- Generated by org.testng.reporters.JUnitXMLReporter -->
<testsuite ignored="0" hostname="Infva2100" failures="0" tests="4" name="Test" time="18.479" errors="0" timestamp="2020-12-27T23:26:28 IST">
  <testcase classname="testcases.Assignment" name="testCase1" time="1.341"/>
  <testcase classname="testcases.Assignment" name="testCase2" time="0.787"/>
  <testcase classname="testcases.Assignment" name="testCase3" time="0.522"/>
  <testcase classname="testcases.Assignment" name="testCase4" time="5.233"/>
</testsuite> <!-- Test -->
